GAS LISTING C:\DOCUME~1\ADMINI~1\LOCALS~1\Temp/ccuobaaa.s 			page 1


   1               		.file	"lcd.c"
   2               		.arch atmega8
   3               	__SREG__ = 0x3f
   4               	__SP_H__ = 0x3e
   5               	__SP_L__ = 0x3d
   6               	__tmp_reg__ = 0
   7               	__zero_reg__ = 1
   8               		.global __do_copy_data
   9               		.global __do_clear_bss
  10               		.section	.debug_abbrev,"",@progbits
  11               	.Ldebug_abbrev0:
  12               		.section	.debug_info,"",@progbits
  13               	.Ldebug_info0:
  14               		.section	.debug_line,"",@progbits
  15               	.Ldebug_line0:
  16               		.text
  17               	.Ltext0:
  18               	.global	font6x8
  19               		.data
  20               		.type	font6x8, @object
  21               		.size	font6x8, 552
  22               	font6x8:
  23 0000 00        		.byte	0
  24 0001 00        		.byte	0
  25 0002 00        		.byte	0
  26 0003 00        		.byte	0
  27 0004 00        		.byte	0
  28 0005 00        		.byte	0
  29 0006 00        		.byte	0
  30 0007 00        		.byte	0
  31 0008 00        		.byte	0
  32 0009 2F        		.byte	47
  33 000a 00        		.byte	0
  34 000b 00        		.byte	0
  35 000c 00        		.byte	0
  36 000d 00        		.byte	0
  37 000e 07        		.byte	7
  38 000f 00        		.byte	0
  39 0010 07        		.byte	7
  40 0011 00        		.byte	0
  41 0012 00        		.byte	0
  42 0013 14        		.byte	20
  43 0014 7F        		.byte	127
  44 0015 14        		.byte	20
  45 0016 7F        		.byte	127
  46 0017 14        		.byte	20
  47 0018 00        		.byte	0
  48 0019 24        		.byte	36
  49 001a 2A        		.byte	42
  50 001b 7F        		.byte	127
  51 001c 2A        		.byte	42
  52 001d 12        		.byte	18
  53 001e 00        		.byte	0
  54 001f 62        		.byte	98
  55 0020 64        		.byte	100
  56 0021 08        		.byte	8
  57 0022 13        		.byte	19
GAS LISTING C:\DOCUME~1\ADMINI~1\LOCALS~1\Temp/ccuobaaa.s 			page 2


  58 0023 23        		.byte	35
  59 0024 00        		.byte	0
  60 0025 36        		.byte	54
  61 0026 49        		.byte	73
  62 0027 55        		.byte	85
  63 0028 22        		.byte	34
  64 0029 50        		.byte	80
  65 002a 00        		.byte	0
  66 002b 00        		.byte	0
  67 002c 05        		.byte	5
  68 002d 03        		.byte	3
  69 002e 00        		.byte	0
  70 002f 00        		.byte	0
  71 0030 00        		.byte	0
  72 0031 00        		.byte	0
  73 0032 1C        		.byte	28
  74 0033 22        		.byte	34
  75 0034 41        		.byte	65
  76 0035 00        		.byte	0
  77 0036 00        		.byte	0
  78 0037 00        		.byte	0
  79 0038 41        		.byte	65
  80 0039 22        		.byte	34
  81 003a 1C        		.byte	28
  82 003b 00        		.byte	0
  83 003c 00        		.byte	0
  84 003d 14        		.byte	20
  85 003e 08        		.byte	8
  86 003f 3E        		.byte	62
  87 0040 08        		.byte	8
  88 0041 14        		.byte	20
  89 0042 00        		.byte	0
  90 0043 08        		.byte	8
  91 0044 08        		.byte	8
  92 0045 3E        		.byte	62
  93 0046 08        		.byte	8
  94 0047 08        		.byte	8
  95 0048 00        		.byte	0
  96 0049 00        		.byte	0
  97 004a 00        		.byte	0
  98 004b A0        		.byte	-96
  99 004c 60        		.byte	96
 100 004d 00        		.byte	0
 101 004e 00        		.byte	0
 102 004f 08        		.byte	8
 103 0050 08        		.byte	8
 104 0051 08        		.byte	8
 105 0052 08        		.byte	8
 106 0053 08        		.byte	8
 107 0054 00        		.byte	0
 108 0055 00        		.byte	0
 109 0056 60        		.byte	96
 110 0057 60        		.byte	96
 111 0058 00        		.byte	0
 112 0059 00        		.byte	0
 113 005a 00        		.byte	0
 114 005b 20        		.byte	32
GAS LISTING C:\DOCUME~1\ADMINI~1\LOCALS~1\Temp/ccuobaaa.s 			page 3


 115 005c 10        		.byte	16
 116 005d 08        		.byte	8
 117 005e 04        		.byte	4
 118 005f 02        		.byte	2
 119 0060 00        		.byte	0
 120 0061 3E        		.byte	62
 121 0062 51        		.byte	81
 122 0063 49        		.byte	73
 123 0064 45        		.byte	69
 124 0065 3E        		.byte	62
 125 0066 00        		.byte	0
 126 0067 00        		.byte	0
 127 0068 42        		.byte	66
 128 0069 7F        		.byte	127
 129 006a 40        		.byte	64
 130 006b 00        		.byte	0
 131 006c 00        		.byte	0
 132 006d 42        		.byte	66
 133 006e 61        		.byte	97
 134 006f 51        		.byte	81
 135 0070 49        		.byte	73
 136 0071 46        		.byte	70
 137 0072 00        		.byte	0
 138 0073 21        		.byte	33
 139 0074 41        		.byte	65
 140 0075 45        		.byte	69
 141 0076 4B        		.byte	75
 142 0077 31        		.byte	49
 143 0078 00        		.byte	0
 144 0079 18        		.byte	24
 145 007a 14        		.byte	20
 146 007b 12        		.byte	18
 147 007c 7F        		.byte	127
 148 007d 10        		.byte	16
 149 007e 00        		.byte	0
 150 007f 27        		.byte	39
 151 0080 45        		.byte	69
 152 0081 45        		.byte	69
 153 0082 45        		.byte	69
 154 0083 39        		.byte	57
 155 0084 00        		.byte	0
 156 0085 3C        		.byte	60
 157 0086 4A        		.byte	74
 158 0087 49        		.byte	73
 159 0088 49        		.byte	73
 160 0089 30        		.byte	48
 161 008a 00        		.byte	0
 162 008b 01        		.byte	1
 163 008c 71        		.byte	113
 164 008d 09        		.byte	9
 165 008e 05        		.byte	5
 166 008f 03        		.byte	3
 167 0090 00        		.byte	0
 168 0091 36        		.byte	54
 169 0092 49        		.byte	73
 170 0093 49        		.byte	73
 171 0094 49        		.byte	73
GAS LISTING C:\DOCUME~1\ADMINI~1\LOCALS~1\Temp/ccuobaaa.s 			page 4


 172 0095 36        		.byte	54
 173 0096 00        		.byte	0
 174 0097 06        		.byte	6
 175 0098 49        		.byte	73
 176 0099 49        		.byte	73
 177 009a 29        		.byte	41
 178 009b 1E        		.byte	30
 179 009c 00        		.byte	0
 180 009d 00        		.byte	0
 181 009e 36        		.byte	54
 182 009f 36        		.byte	54
 183 00a0 00        		.byte	0
 184 00a1 00        		.byte	0
 185 00a2 00        		.byte	0
 186 00a3 00        		.byte	0
 187 00a4 56        		.byte	86
 188 00a5 36        		.byte	54
 189 00a6 00        		.byte	0
 190 00a7 00        		.byte	0
 191 00a8 00        		.byte	0
 192 00a9 08        		.byte	8
 193 00aa 14        		.byte	20
 194 00ab 22        		.byte	34
 195 00ac 41        		.byte	65
 196 00ad 00        		.byte	0
 197 00ae 00        		.byte	0
 198 00af 14        		.byte	20
 199 00b0 14        		.byte	20
 200 00b1 14        		.byte	20
 201 00b2 14        		.byte	20
 202 00b3 14        		.byte	20
 203 00b4 00        		.byte	0
 204 00b5 00        		.byte	0
 205 00b6 41        		.byte	65
 206 00b7 22        		.byte	34
 207 00b8 14        		.byte	20
 208 00b9 08        		.byte	8
 209 00ba 00        		.byte	0
 210 00bb 02        		.byte	2
 211 00bc 01        		.byte	1
 212 00bd 51        		.byte	81
 213 00be 09        		.byte	9
 214 00bf 06        		.byte	6
 215 00c0 00        		.byte	0
 216 00c1 32        		.byte	50
 217 00c2 49        		.byte	73
 218 00c3 59        		.byte	89
 219 00c4 51        		.byte	81
 220 00c5 3E        		.byte	62
 221 00c6 00        		.byte	0
 222 00c7 7C        		.byte	124
 223 00c8 12        		.byte	18
 224 00c9 11        		.byte	17
 225 00ca 12        		.byte	18
 226 00cb 7C        		.byte	124
 227 00cc 00        		.byte	0
 228 00cd 7F        		.byte	127
GAS LISTING C:\DOCUME~1\ADMINI~1\LOCALS~1\Temp/ccuobaaa.s 			page 5


 229 00ce 49        		.byte	73
 230 00cf 49        		.byte	73
 231 00d0 49        		.byte	73
 232 00d1 36        		.byte	54
 233 00d2 00        		.byte	0
 234 00d3 3E        		.byte	62
 235 00d4 41        		.byte	65
 236 00d5 41        		.byte	65
 237 00d6 41        		.byte	65
 238 00d7 22        		.byte	34
 239 00d8 00        		.byte	0
 240 00d9 7F        		.byte	127
 241 00da 41        		.byte	65
 242 00db 41        		.byte	65
 243 00dc 22        		.byte	34
 244 00dd 1C        		.byte	28
 245 00de 00        		.byte	0
 246 00df 7F        		.byte	127
 247 00e0 49        		.byte	73
 248 00e1 49        		.byte	73
 249 00e2 49        		.byte	73
 250 00e3 41        		.byte	65
 251 00e4 00        		.byte	0
 252 00e5 7F        		.byte	127
 253 00e6 09        		.byte	9
 254 00e7 09        		.byte	9
 255 00e8 09        		.byte	9
 256 00e9 01        		.byte	1
 257 00ea 00        		.byte	0
 258 00eb 3E        		.byte	62
 259 00ec 41        		.byte	65
 260 00ed 49        		.byte	73
 261 00ee 49        		.byte	73
 262 00ef 7A        		.byte	122
 263 00f0 00        		.byte	0
 264 00f1 7F        		.byte	127
 265 00f2 08        		.byte	8
 266 00f3 08        		.byte	8
 267 00f4 08        		.byte	8
 268 00f5 7F        		.byte	127
 269 00f6 00        		.byte	0
 270 00f7 00        		.byte	0
 271 00f8 41        		.byte	65
 272 00f9 7F        		.byte	127
 273 00fa 41        		.byte	65
 274 00fb 00        		.byte	0
 275 00fc 00        		.byte	0
 276 00fd 20        		.byte	32
 277 00fe 40        		.byte	64
 278 00ff 41        		.byte	65
 279 0100 3F        		.byte	63
 280 0101 01        		.byte	1
 281 0102 00        		.byte	0
 282 0103 7F        		.byte	127
 283 0104 08        		.byte	8
 284 0105 14        		.byte	20
 285 0106 22        		.byte	34
GAS LISTING C:\DOCUME~1\ADMINI~1\LOCALS~1\Temp/ccuobaaa.s 			page 6


 286 0107 41        		.byte	65
 287 0108 00        		.byte	0
 288 0109 7F        		.byte	127
 289 010a 40        		.byte	64
 290 010b 40        		.byte	64
 291 010c 40        		.byte	64
 292 010d 40        		.byte	64
 293 010e 00        		.byte	0
 294 010f 7F        		.byte	127
 295 0110 02        		.byte	2
 296 0111 0C        		.byte	12
 297 0112 02        		.byte	2
 298 0113 7F        		.byte	127
 299 0114 00        		.byte	0
 300 0115 7F        		.byte	127
 301 0116 04        		.byte	4
 302 0117 08        		.byte	8
 303 0118 10        		.byte	16
 304 0119 7F        		.byte	127
 305 011a 00        		.byte	0
 306 011b 3E        		.byte	62
 307 011c 41        		.byte	65
 308 011d 41        		.byte	65
 309 011e 41        		.byte	65
 310 011f 3E        		.byte	62
 311 0120 00        		.byte	0
 312 0121 7F        		.byte	127
 313 0122 09        		.byte	9
 314 0123 09        		.byte	9
 315 0124 09        		.byte	9
 316 0125 06        		.byte	6
 317 0126 00        		.byte	0
 318 0127 3E        		.byte	62
 319 0128 41        		.byte	65
 320 0129 51        		.byte	81
 321 012a 21        		.byte	33
 322 012b 5E        		.byte	94
 323 012c 00        		.byte	0
 324 012d 7F        		.byte	127
 325 012e 09        		.byte	9
 326 012f 19        		.byte	25
 327 0130 29        		.byte	41
 328 0131 46        		.byte	70
 329 0132 00        		.byte	0
 330 0133 46        		.byte	70
 331 0134 49        		.byte	73
 332 0135 49        		.byte	73
 333 0136 49        		.byte	73
 334 0137 31        		.byte	49
 335 0138 00        		.byte	0
 336 0139 01        		.byte	1
 337 013a 01        		.byte	1
 338 013b 7F        		.byte	127
 339 013c 01        		.byte	1
 340 013d 01        		.byte	1
 341 013e 00        		.byte	0
 342 013f 3F        		.byte	63
GAS LISTING C:\DOCUME~1\ADMINI~1\LOCALS~1\Temp/ccuobaaa.s 			page 7


 343 0140 40        		.byte	64
 344 0141 40        		.byte	64
 345 0142 40        		.byte	64
 346 0143 3F        		.byte	63
 347 0144 00        		.byte	0
 348 0145 1F        		.byte	31
 349 0146 20        		.byte	32
 350 0147 40        		.byte	64
 351 0148 20        		.byte	32
 352 0149 1F        		.byte	31
 353 014a 00        		.byte	0
 354 014b 3F        		.byte	63
 355 014c 40        		.byte	64
 356 014d 38        		.byte	56
 357 014e 40        		.byte	64
 358 014f 3F        		.byte	63
 359 0150 00        		.byte	0
 360 0151 63        		.byte	99
 361 0152 14        		.byte	20
 362 0153 08        		.byte	8
 363 0154 14        		.byte	20
 364 0155 63        		.byte	99
 365 0156 00        		.byte	0
 366 0157 07        		.byte	7
 367 0158 08        		.byte	8
 368 0159 70        		.byte	112
 369 015a 08        		.byte	8
 370 015b 07        		.byte	7
 371 015c 00        		.byte	0
 372 015d 61        		.byte	97
 373 015e 51        		.byte	81
 374 015f 49        		.byte	73
 375 0160 45        		.byte	69
 376 0161 43        		.byte	67
 377 0162 00        		.byte	0
 378 0163 00        		.byte	0
 379 0164 7F        		.byte	127
 380 0165 41        		.byte	65
 381 0166 41        		.byte	65
 382 0167 00        		.byte	0
 383 0168 00        		.byte	0
 384 0169 55        		.byte	85
 385 016a 2A        		.byte	42
 386 016b 55        		.byte	85
 387 016c 2A        		.byte	42
 388 016d 55        		.byte	85
 389 016e 00        		.byte	0
 390 016f 00        		.byte	0
 391 0170 41        		.byte	65
 392 0171 41        		.byte	65
 393 0172 7F        		.byte	127
 394 0173 00        		.byte	0
 395 0174 00        		.byte	0
 396 0175 04        		.byte	4
 397 0176 02        		.byte	2
 398 0177 01        		.byte	1
 399 0178 02        		.byte	2
GAS LISTING C:\DOCUME~1\ADMINI~1\LOCALS~1\Temp/ccuobaaa.s 			page 8


 400 0179 04        		.byte	4
 401 017a 00        		.byte	0
 402 017b 40        		.byte	64
 403 017c 40        		.byte	64
 404 017d 40        		.byte	64
 405 017e 40        		.byte	64
 406 017f 40        		.byte	64
 407 0180 00        		.byte	0
 408 0181 00        		.byte	0
 409 0182 01        		.byte	1
 410 0183 02        		.byte	2
 411 0184 04        		.byte	4
 412 0185 00        		.byte	0
 413 0186 00        		.byte	0
 414 0187 20        		.byte	32
 415 0188 54        		.byte	84
 416 0189 54        		.byte	84
 417 018a 54        		.byte	84
 418 018b 78        		.byte	120
 419 018c 00        		.byte	0
 420 018d 7F        		.byte	127
 421 018e 48        		.byte	72
 422 018f 44        		.byte	68
 423 0190 44        		.byte	68
 424 0191 38        		.byte	56
 425 0192 00        		.byte	0
 426 0193 38        		.byte	56
 427 0194 44        		.byte	68
 428 0195 44        		.byte	68
 429 0196 44        		.byte	68
 430 0197 20        		.byte	32
 431 0198 00        		.byte	0
 432 0199 38        		.byte	56
 433 019a 44        		.byte	68
 434 019b 44        		.byte	68
 435 019c 48        		.byte	72
 436 019d 7F        		.byte	127
 437 019e 00        		.byte	0
 438 019f 38        		.byte	56
 439 01a0 54        		.byte	84
 440 01a1 54        		.byte	84
 441 01a2 54        		.byte	84
 442 01a3 18        		.byte	24
 443 01a4 00        		.byte	0
 444 01a5 08        		.byte	8
 445 01a6 7E        		.byte	126
 446 01a7 09        		.byte	9
 447 01a8 01        		.byte	1
 448 01a9 02        		.byte	2
 449 01aa 00        		.byte	0
 450 01ab 18        		.byte	24
 451 01ac A4        		.byte	-92
 452 01ad A4        		.byte	-92
 453 01ae A4        		.byte	-92
 454 01af 7C        		.byte	124
 455 01b0 00        		.byte	0
 456 01b1 7F        		.byte	127
GAS LISTING C:\DOCUME~1\ADMINI~1\LOCALS~1\Temp/ccuobaaa.s 			page 9


 457 01b2 08        		.byte	8
 458 01b3 04        		.byte	4
 459 01b4 04        		.byte	4
 460 01b5 78        		.byte	120
 461 01b6 00        		.byte	0
 462 01b7 00        		.byte	0
 463 01b8 44        		.byte	68
 464 01b9 7D        		.byte	125
 465 01ba 40        		.byte	64
 466 01bb 00        		.byte	0
 467 01bc 00        		.byte	0
 468 01bd 40        		.byte	64
 469 01be 80        		.byte	-128
 470 01bf 84        		.byte	-124
 471 01c0 7D        		.byte	125
 472 01c1 00        		.byte	0
 473 01c2 00        		.byte	0
 474 01c3 7F        		.byte	127
 475 01c4 10        		.byte	16
 476 01c5 28        		.byte	40
 477 01c6 44        		.byte	68
 478 01c7 00        		.byte	0
 479 01c8 00        		.byte	0
 480 01c9 00        		.byte	0
 481 01ca 41        		.byte	65
 482 01cb 7F        		.byte	127
 483 01cc 40        		.byte	64
 484 01cd 00        		.byte	0
 485 01ce 00        		.byte	0
 486 01cf 7C        		.byte	124
 487 01d0 04        		.byte	4
 488 01d1 18        		.byte	24
 489 01d2 04        		.byte	4
 490 01d3 78        		.byte	120
 491 01d4 00        		.byte	0
 492 01d5 7C        		.byte	124
 493 01d6 08        		.byte	8
 494 01d7 04        		.byte	4
 495 01d8 04        		.byte	4
 496 01d9 78        		.byte	120
 497 01da 00        		.byte	0
 498 01db 38        		.byte	56
 499 01dc 44        		.byte	68
 500 01dd 44        		.byte	68
 501 01de 44        		.byte	68
 502 01df 38        		.byte	56
 503 01e0 00        		.byte	0
 504 01e1 FC        		.byte	-4
 505 01e2 24        		.byte	36
 506 01e3 24        		.byte	36
 507 01e4 24        		.byte	36
 508 01e5 18        		.byte	24
 509 01e6 00        		.byte	0
 510 01e7 18        		.byte	24
 511 01e8 24        		.byte	36
 512 01e9 24        		.byte	36
 513 01ea 18        		.byte	24
GAS LISTING C:\DOCUME~1\ADMINI~1\LOCALS~1\Temp/ccuobaaa.s 			page 10


 514 01eb FC        		.byte	-4
 515 01ec 00        		.byte	0
 516 01ed 7C        		.byte	124
 517 01ee 08        		.byte	8
 518 01ef 04        		.byte	4
 519 01f0 04        		.byte	4
 520 01f1 08        		.byte	8
 521 01f2 00        		.byte	0
 522 01f3 48        		.byte	72
 523 01f4 54        		.byte	84
 524 01f5 54        		.byte	84
 525 01f6 54        		.byte	84
 526 01f7 20        		.byte	32
 527 01f8 00        		.byte	0
 528 01f9 04        		.byte	4
 529 01fa 3F        		.byte	63
 530 01fb 44        		.byte	68
 531 01fc 40        		.byte	64
 532 01fd 20        		.byte	32
 533 01fe 00        		.byte	0
 534 01ff 3C        		.byte	60
 535 0200 40        		.byte	64
 536 0201 40        		.byte	64
 537 0202 20        		.byte	32
 538 0203 7C        		.byte	124
 539 0204 00        		.byte	0
 540 0205 1C        		.byte	28
 541 0206 20        		.byte	32
 542 0207 40        		.byte	64
 543 0208 20        		.byte	32
 544 0209 1C        		.byte	28
 545 020a 00        		.byte	0
 546 020b 3C        		.byte	60
 547 020c 40        		.byte	64
 548 020d 30        		.byte	48
 549 020e 40        		.byte	64
 550 020f 3C        		.byte	60
 551 0210 00        		.byte	0
 552 0211 44        		.byte	68
 553 0212 28        		.byte	40
 554 0213 10        		.byte	16
 555 0214 28        		.byte	40
 556 0215 44        		.byte	68
 557 0216 00        		.byte	0
 558 0217 1C        		.byte	28
 559 0218 A0        		.byte	-96
 560 0219 A0        		.byte	-96
 561 021a A0        		.byte	-96
 562 021b 7C        		.byte	124
 563 021c 00        		.byte	0
 564 021d 44        		.byte	68
 565 021e 64        		.byte	100
 566 021f 54        		.byte	84
 567 0220 4C        		.byte	76
 568 0221 44        		.byte	68
 569 0222 14        		.byte	20
 570 0223 14        		.byte	20
GAS LISTING C:\DOCUME~1\ADMINI~1\LOCALS~1\Temp/ccuobaaa.s 			page 11


 571 0224 14        		.byte	20
 572 0225 14        		.byte	20
 573 0226 14        		.byte	20
 574 0227 14        		.byte	20
 575               		.text
 576               	.global	LCD_write_byte
 577               		.type	LCD_write_byte, @function
 578               	LCD_write_byte:
 579               	.LFB9:
 580               	.LM1:
 581               	/* prologue: frame size=0 */
 582               	/* prologue end (size=0) */
 583 0000 982F      		mov r25,r24
 584               	.LM2:
 585 0002 C298      		cbi 56-0x20,2
 586               	.LM3:
 587 0004 6623      		tst r22
 588 0006 11F4      		brne .L2
 589               	.LM4:
 590 0008 C098      		cbi 56-0x20,0
 591 000a 01C0      		rjmp .L3
 592               	.L2:
 593               	.LM5:
 594 000c C09A      		sbi 56-0x20,0
 595               	.L3:
 596               	.LM6:
 597 000e 9FB9      		out 47-0x20,r25
 598               	.L4:
 599               	.LM7:
 600 0010 779B      		sbis 46-0x20,7
 601 0012 FECF      		rjmp .L4
 602               	.LM8:
 603 0014 C29A      		sbi 56-0x20,2
 604               	/* epilogue: frame size=0 */
 605 0016 0895      		ret
 606               	/* epilogue end (size=1) */
 607               	/* function LCD_write_byte size 12 (11) */
 608               	.LFE9:
 609               		.size	LCD_write_byte, .-LCD_write_byte
 610               	.global	LCD_clear
 611               		.type	LCD_clear, @function
 612               	LCD_clear:
 613               	.LFB3:
 614               	.LM9:
 615               	/* prologue: frame size=0 */
 616 0018 CF93      		push r28
 617 001a DF93      		push r29
 618               	/* prologue end (size=2) */
 619               	.LM10:
 620 001c 60E0      		ldi r22,lo8(0)
 621 001e 8CE0      		ldi r24,lo8(12)
 622 0020 EFDF      		rcall LCD_write_byte
 623               	.LM11:
 624 0022 60E0      		ldi r22,lo8(0)
 625 0024 80E8      		ldi r24,lo8(-128)
 626 0026 ECDF      		rcall LCD_write_byte
 627 0028 C7EF      		ldi r28,lo8(503)
GAS LISTING C:\DOCUME~1\ADMINI~1\LOCALS~1\Temp/ccuobaaa.s 			page 12


 628 002a D1E0      		ldi r29,hi8(503)
 629               	.L10:
 630               	.LM12:
 631 002c 61E0      		ldi r22,lo8(1)
 632 002e 80E0      		ldi r24,lo8(0)
 633 0030 E7DF      		rcall LCD_write_byte
 634               	.LM13:
 635 0032 2197      		sbiw r28,1
 636 0034 D7FF      		sbrs r29,7
 637 0036 FACF      		rjmp .L10
 638               	/* epilogue: frame size=0 */
 639 0038 DF91      		pop r29
 640 003a CF91      		pop r28
 641 003c 0895      		ret
 642               	/* epilogue end (size=3) */
 643               	/* function LCD_clear size 19 (14) */
 644               	.LFE3:
 645               		.size	LCD_clear, .-LCD_clear
 646               	.global	LCD_init
 647               		.type	LCD_init, @function
 648               	LCD_init:
 649               	.LFB2:
 650               	.LM14:
 651               	/* prologue: frame size=0 */
 652               	/* prologue end (size=0) */
 653               	.LM15:
 654 003e C498      		cbi 56-0x20,4
 655               	.LM16:
 656 0040 00D0      		rcall delay_1us
 657               	.LM17:
 658 0042 C49A      		sbi 56-0x20,4
 659               	.LM18:
 660 0044 C298      		cbi 56-0x20,2
 661               	.LM19:
 662 0046 00D0      		rcall delay_1us
 663               	.LM20:
 664 0048 C29A      		sbi 56-0x20,2
 665               	.LM21:
 666 004a 00D0      		rcall delay_1us
 667               	.LM22:
 668 004c 60E0      		ldi r22,lo8(0)
 669 004e 81E2      		ldi r24,lo8(33)
 670 0050 D7DF      		rcall LCD_write_byte
 671               	.LM23:
 672 0052 60E0      		ldi r22,lo8(0)
 673 0054 88EC      		ldi r24,lo8(-56)
 674 0056 D4DF      		rcall LCD_write_byte
 675               	.LM24:
 676 0058 60E0      		ldi r22,lo8(0)
 677 005a 86E0      		ldi r24,lo8(6)
 678 005c D1DF      		rcall LCD_write_byte
 679               	.LM25:
 680 005e 60E0      		ldi r22,lo8(0)
 681 0060 83E1      		ldi r24,lo8(19)
 682 0062 CEDF      		rcall LCD_write_byte
 683               	.LM26:
 684 0064 60E0      		ldi r22,lo8(0)
GAS LISTING C:\DOCUME~1\ADMINI~1\LOCALS~1\Temp/ccuobaaa.s 			page 13


 685 0066 80E2      		ldi r24,lo8(32)
 686 0068 CBDF      		rcall LCD_write_byte
 687               	.LM27:
 688 006a D6DF      		rcall LCD_clear
 689               	.LM28:
 690 006c 60E0      		ldi r22,lo8(0)
 691 006e 8CE0      		ldi r24,lo8(12)
 692 0070 C7DF      		rcall LCD_write_byte
 693               	.LM29:
 694 0072 C298      		cbi 56-0x20,2
 695               	/* epilogue: frame size=0 */
 696 0074 0895      		ret
 697               	/* epilogue end (size=1) */
 698               	/* function LCD_init size 28 (27) */
 699               	.LFE2:
 700               		.size	LCD_init, .-LCD_init
 701               	.global	LCD_set_XY
 702               		.type	LCD_set_XY, @function
 703               	LCD_set_XY:
 704               	.LFB4:
 705               	.LM30:
 706               	/* prologue: frame size=0 */
 707 0076 1F93      		push r17
 708               	/* prologue end (size=1) */
 709 0078 182F      		mov r17,r24
 710 007a 862F      		mov r24,r22
 711               	.LM31:
 712 007c 60E0      		ldi r22,lo8(0)
 713 007e 8064      		ori r24,lo8(64)
 714 0080 BFDF      		rcall LCD_write_byte
 715               	.LM32:
 716 0082 60E0      		ldi r22,lo8(0)
 717 0084 812F      		mov r24,r17
 718 0086 8068      		ori r24,lo8(-128)
 719 0088 BBDF      		rcall LCD_write_byte
 720               	/* epilogue: frame size=0 */
 721 008a 1F91      		pop r17
 722 008c 0895      		ret
 723               	/* epilogue end (size=2) */
 724               	/* function LCD_set_XY size 12 (9) */
 725               	.LFE4:
 726               		.size	LCD_set_XY, .-LCD_set_XY
 727               	.global	LCD_write_char
 728               		.type	LCD_write_char, @function
 729               	LCD_write_char:
 730               	.LFB5:
 731               	.LM33:
 732               	/* prologue: frame size=0 */
 733 008e 1F93      		push r17
 734 0090 CF93      		push r28
 735 0092 DF93      		push r29
 736               	/* prologue end (size=3) */
 737               	.LM34:
 738 0094 182F      		mov r17,r24
 739 0096 1052      		subi r17,lo8(-(-32))
 740               	.LM35:
 741 0098 C0E0      		ldi r28,lo8(0)
GAS LISTING C:\DOCUME~1\ADMINI~1\LOCALS~1\Temp/ccuobaaa.s 			page 14


 742 009a D0E0      		ldi r29,hi8(0)
 743               	.L19:
 744               	.LM36:
 745 009c 812F      		mov r24,r17
 746 009e 9927      		clr r25
 747 00a0 FC01      		movw r30,r24
 748 00a2 EE0F      		lsl r30
 749 00a4 FF1F      		rol r31
 750 00a6 EE0F      		lsl r30
 751 00a8 FF1F      		rol r31
 752 00aa E80F      		add r30,r24
 753 00ac F91F      		adc r31,r25
 754 00ae E80F      		add r30,r24
 755 00b0 F91F      		adc r31,r25
 756 00b2 EC0F      		add r30,r28
 757 00b4 FD1F      		adc r31,r29
 758 00b6 E050      		subi r30,lo8(-(font6x8))
 759 00b8 F040      		sbci r31,hi8(-(font6x8))
 760 00ba 61E0      		ldi r22,lo8(1)
 761 00bc 8081      		ld r24,Z
 762 00be A0DF      		rcall LCD_write_byte
 763               	.LM37:
 764 00c0 2196      		adiw r28,1
 765 00c2 C630      		cpi r28,6
 766 00c4 D105      		cpc r29,__zero_reg__
 767 00c6 50F3      		brlo .L19
 768               	/* epilogue: frame size=0 */
 769 00c8 DF91      		pop r29
 770 00ca CF91      		pop r28
 771 00cc 1F91      		pop r17
 772 00ce 0895      		ret
 773               	/* epilogue end (size=4) */
 774               	/* function LCD_write_char size 33 (26) */
 775               	.LFE5:
 776               		.size	LCD_write_char, .-LCD_write_char
 777               	.global	LCD_write_inverse_char
 778               		.type	LCD_write_inverse_char, @function
 779               	LCD_write_inverse_char:
 780               	.LFB6:
 781               	.LM38:
 782               	/* prologue: frame size=0 */
 783 00d0 1F93      		push r17
 784 00d2 CF93      		push r28
 785 00d4 DF93      		push r29
 786               	/* prologue end (size=3) */
 787               	.LM39:
 788 00d6 182F      		mov r17,r24
 789 00d8 1052      		subi r17,lo8(-(-32))
 790               	.LM40:
 791 00da C0E0      		ldi r28,lo8(0)
 792 00dc D0E0      		ldi r29,hi8(0)
 793               	.L26:
 794               	.LM41:
 795 00de 812F      		mov r24,r17
 796 00e0 9927      		clr r25
 797 00e2 FC01      		movw r30,r24
 798 00e4 EE0F      		lsl r30
GAS LISTING C:\DOCUME~1\ADMINI~1\LOCALS~1\Temp/ccuobaaa.s 			page 15


 799 00e6 FF1F      		rol r31
 800 00e8 EE0F      		lsl r30
 801 00ea FF1F      		rol r31
 802 00ec E80F      		add r30,r24
 803 00ee F91F      		adc r31,r25
 804 00f0 E80F      		add r30,r24
 805 00f2 F91F      		adc r31,r25
 806 00f4 EC0F      		add r30,r28
 807 00f6 FD1F      		adc r31,r29
 808 00f8 E050      		subi r30,lo8(-(font6x8))
 809 00fa F040      		sbci r31,hi8(-(font6x8))
 810 00fc 8081      		ld r24,Z
 811 00fe 61E0      		ldi r22,lo8(1)
 812 0100 8095      		com r24
 813 0102 7EDF      		rcall LCD_write_byte
 814               	.LM42:
 815 0104 2196      		adiw r28,1
 816 0106 C630      		cpi r28,6
 817 0108 D105      		cpc r29,__zero_reg__
 818 010a 48F3      		brlo .L26
 819               	/* epilogue: frame size=0 */
 820 010c DF91      		pop r29
 821 010e CF91      		pop r28
 822 0110 1F91      		pop r17
 823 0112 0895      		ret
 824               	/* epilogue end (size=4) */
 825               	/* function LCD_write_inverse_char size 34 (27) */
 826               	.LFE6:
 827               		.size	LCD_write_inverse_char, .-LCD_write_inverse_char
 828               	.global	LCD_write_english_string
 829               		.type	LCD_write_english_string, @function
 830               	LCD_write_english_string:
 831               	.LFB7:
 832               	.LM43:
 833               	/* prologue: frame size=0 */
 834 0114 CF93      		push r28
 835 0116 DF93      		push r29
 836               	/* prologue end (size=2) */
 837 0118 EA01      		movw r28,r20
 838               	.LM44:
 839 011a ADDF      		rcall LCD_set_XY
 840               	.LM45:
 841 011c 8881      		ld r24,Y
 842 011e 8823      		tst r24
 843 0120 29F0      		breq .L34
 844               	.L32:
 845               	.LM46:
 846 0122 8991      		ld r24,Y+
 847 0124 B4DF      		rcall LCD_write_char
 848               	.LM47:
 849 0126 8881      		ld r24,Y
 850 0128 8823      		tst r24
 851 012a D9F7      		brne .L32
 852               	.L34:
 853               	/* epilogue: frame size=0 */
 854 012c DF91      		pop r29
 855 012e CF91      		pop r28
GAS LISTING C:\DOCUME~1\ADMINI~1\LOCALS~1\Temp/ccuobaaa.s 			page 16


 856 0130 0895      		ret
 857               	/* epilogue end (size=3) */
 858               	/* function LCD_write_english_string size 15 (10) */
 859               	.LFE7:
 860               		.size	LCD_write_english_string, .-LCD_write_english_string
 861               	.global	LCD_write_inverse_string
 862               		.type	LCD_write_inverse_string, @function
 863               	LCD_write_inverse_string:
 864               	.LFB8:
 865               	.LM48:
 866               	/* prologue: frame size=0 */
 867 0132 CF93      		push r28
 868 0134 DF93      		push r29
 869               	/* prologue end (size=2) */
 870 0136 EA01      		movw r28,r20
 871               	.LM49:
 872 0138 9EDF      		rcall LCD_set_XY
 873               	.LM50:
 874 013a 8881      		ld r24,Y
 875 013c 8823      		tst r24
 876 013e 29F0      		breq .L40
 877               	.L38:
 878               	.LM51:
 879 0140 8991      		ld r24,Y+
 880 0142 C6DF      		rcall LCD_write_inverse_char
 881               	.LM52:
 882 0144 8881      		ld r24,Y
 883 0146 8823      		tst r24
 884 0148 D9F7      		brne .L38
 885               	.L40:
 886               	/* epilogue: frame size=0 */
 887 014a DF91      		pop r29
 888 014c CF91      		pop r28
 889 014e 0895      		ret
 890               	/* epilogue end (size=3) */
 891               	/* function LCD_write_inverse_string size 15 (10) */
 892               	.LFE8:
 893               		.size	LCD_write_inverse_string, .-LCD_write_inverse_string
 894               	.global	lcd_inverse
 895               		.type	lcd_inverse, @function
 896               	lcd_inverse:
 897               	.LFB10:
 898               	.LM53:
 899               	/* prologue: frame size=0 */
 900               	/* prologue end (size=0) */
 901               	.LM54:
 902 0150 60E0      		ldi r22,lo8(0)
 903 0152 8DE0      		ldi r24,lo8(13)
 904 0154 55DF      		rcall LCD_write_byte
 905               	/* epilogue: frame size=0 */
 906 0156 0895      		ret
 907               	/* epilogue end (size=1) */
 908               	/* function lcd_inverse size 4 (3) */
 909               	.LFE10:
 910               		.size	lcd_inverse, .-lcd_inverse
 911               	.global	lcd_no_inverse
 912               		.type	lcd_no_inverse, @function
GAS LISTING C:\DOCUME~1\ADMINI~1\LOCALS~1\Temp/ccuobaaa.s 			page 17


 913               	lcd_no_inverse:
 914               	.LFB11:
 915               	.LM55:
 916               	/* prologue: frame size=0 */
 917               	/* prologue end (size=0) */
 918               	.LM56:
 919 0158 60E0      		ldi r22,lo8(0)
 920 015a 8CE0      		ldi r24,lo8(12)
 921 015c 51DF      		rcall LCD_write_byte
 922               	/* epilogue: frame size=0 */
 923 015e 0895      		ret
 924               	/* epilogue end (size=1) */
 925               	/* function lcd_no_inverse size 4 (3) */
 926               	.LFE11:
 927               		.size	lcd_no_inverse, .-lcd_no_inverse
 928               	.Letext0:
 929               		.section	.debug_line
 930 0000 C501 0000 		.long	.LELT0-.LSLT0
 931               	
 932               	.LSLT0:
 933 0004 0200      		.word	2
 934               	
 935 0006 6000 0000 		.long	.LELTP0-.LASLTP0
 936               	
 937               	.LASLTP0:
 938 000a 01        		.byte	0x1
 939 000b 01        		.byte	0x1
 940 000c F6        		.byte	0xf6
 941 000d F5        		.byte	0xf5
 942 000e 0A        		.byte	0xa
 943 000f 00        		.byte	0x0
 944 0010 01        		.byte	0x1
 945 0011 01        		.byte	0x1
 946 0012 01        		.byte	0x1
 947 0013 01        		.byte	0x1
 948 0014 00        		.byte	0x0
 949 0015 00        		.byte	0x0
 950 0016 00        		.byte	0x0
 951 0017 01        		.byte	0x1
 952 0018 433A 2F57 		.ascii	"C:/WinAVR/avr/include"
 952      696E 4156 
 952      522F 6176 
 952      722F 696E 
 952      636C 7564 
 953 002d 00        		.byte	0
 954 002e 00        		.byte	0x0
 955 002f 7374 6469 		.string	"stdint.h"
 955      6E74 2E68 
 955      00
 956 0038 01        		.uleb128 0x1
 957 0039 00        		.uleb128 0x0
 958 003a 00        		.uleb128 0x0
 959 003b 696E 7474 		.string	"inttypes.h"
 959      7970 6573 
 959      2E68 00
 960 0046 01        		.uleb128 0x1
 961 0047 00        		.uleb128 0x0
GAS LISTING C:\DOCUME~1\ADMINI~1\LOCALS~1\Temp/ccuobaaa.s 			page 18


 962 0048 00        		.uleb128 0x0
 963 0049 6C63 642E 		.string	"lcd.c"
 963      6300 
 964 004f 00        		.uleb128 0x0
 965 0050 00        		.uleb128 0x0
 966 0051 00        		.uleb128 0x0
 967 0052 656E 676C 		.string	"english_6x8_pixel.h"
 967      6973 685F 
 967      3678 385F 
 967      7069 7865 
 967      6C2E 6800 
 968 0066 00        		.uleb128 0x0
 969 0067 00        		.uleb128 0x0
 970 0068 00        		.uleb128 0x0
 971 0069 00        		.byte	0x0
 972               	.LELTP0:
 973 006a 00        		.byte	0x0
 974 006b 03        		.uleb128 0x3
 975 006c 02        		.byte	0x2
 976 006d 0000      		.word	.LM1
 977               	
 978 006f 04        		.byte	0x4
 979 0070 03        		.uleb128 0x3
 980 0071 6A        		.byte	0x6a
 981 0072 00        		.byte	0x0
 982 0073 03        		.uleb128 0x3
 983 0074 02        		.byte	0x2
 984 0075 0000      		.word	.LM2
 985               	
 986 0077 15        		.byte	0x15
 987 0078 00        		.byte	0x0
 988 0079 03        		.uleb128 0x3
 989 007a 02        		.byte	0x2
 990 007b 0000      		.word	.LM3
 991               	
 992 007d 16        		.byte	0x16
 993 007e 00        		.byte	0x0
 994 007f 03        		.uleb128 0x3
 995 0080 02        		.byte	0x2
 996 0081 0000      		.word	.LM4
 997               	
 998 0083 15        		.byte	0x15
 999 0084 00        		.byte	0x0
 1000 0085 03        		.uleb128 0x3
 1001 0086 02        		.byte	0x2
 1002 0087 0000      		.word	.LM5
 1003               	
 1004 0089 16        		.byte	0x16
 1005 008a 00        		.byte	0x0
 1006 008b 03        		.uleb128 0x3
 1007 008c 02        		.byte	0x2
 1008 008d 0000      		.word	.LM6
 1009               	
 1010 008f 16        		.byte	0x16
 1011 0090 00        		.byte	0x0
 1012 0091 03        		.uleb128 0x3
 1013 0092 02        		.byte	0x2
GAS LISTING C:\DOCUME~1\ADMINI~1\LOCALS~1\Temp/ccuobaaa.s 			page 19


 1014 0093 0000      		.word	.LM7
 1015               	
 1016 0095 16        		.byte	0x16
 1017 0096 00        		.byte	0x0
 1018 0097 03        		.uleb128 0x3
 1019 0098 02        		.byte	0x2
 1020 0099 0000      		.word	.LM8
 1021               	
 1022 009b 16        		.byte	0x16
 1023 009c 00        		.byte	0x0
 1024 009d 03        		.uleb128 0x3
 1025 009e 02        		.byte	0x2
 1026 009f 0000      		.word	.LM9
 1027               	
 1028 00a1 03        		.byte	0x3
 1029 00a2 BB7F      		.sleb128 -69
 1030 00a4 01        		.byte	0x1
 1031 00a5 00        		.byte	0x0
 1032 00a6 03        		.uleb128 0x3
 1033 00a7 02        		.byte	0x2
 1034 00a8 0000      		.word	.LM10
 1035               	
 1036 00aa 17        		.byte	0x17
 1037 00ab 00        		.byte	0x0
 1038 00ac 03        		.uleb128 0x3
 1039 00ad 02        		.byte	0x2
 1040 00ae 0000      		.word	.LM11
 1041               	
 1042 00b0 15        		.byte	0x15
 1043 00b1 00        		.byte	0x0
 1044 00b2 03        		.uleb128 0x3
 1045 00b3 02        		.byte	0x2
 1046 00b4 0000      		.word	.LM12
 1047               	
 1048 00b6 17        		.byte	0x17
 1049 00b7 00        		.byte	0x0
 1050 00b8 03        		.uleb128 0x3
 1051 00b9 02        		.byte	0x2
 1052 00ba 0000      		.word	.LM13
 1053               	
 1054 00bc 13        		.byte	0x13
 1055 00bd 00        		.byte	0x0
 1056 00be 03        		.uleb128 0x3
 1057 00bf 02        		.byte	0x2
 1058 00c0 0000      		.word	.LM14
 1059               	
 1060 00c2 03        		.byte	0x3
 1061 00c3 64        		.sleb128 -28
 1062 00c4 01        		.byte	0x1
 1063 00c5 00        		.byte	0x0
 1064 00c6 03        		.uleb128 0x3
 1065 00c7 02        		.byte	0x2
 1066 00c8 0000      		.word	.LM15
 1067               	
 1068 00ca 15        		.byte	0x15
 1069 00cb 00        		.byte	0x0
 1070 00cc 03        		.uleb128 0x3
GAS LISTING C:\DOCUME~1\ADMINI~1\LOCALS~1\Temp/ccuobaaa.s 			page 20


 1071 00cd 02        		.byte	0x2
 1072 00ce 0000      		.word	.LM16
 1073               	
 1074 00d0 15        		.byte	0x15
 1075 00d1 00        		.byte	0x0
 1076 00d2 03        		.uleb128 0x3
 1077 00d3 02        		.byte	0x2
 1078 00d4 0000      		.word	.LM17
 1079               	
 1080 00d6 15        		.byte	0x15
 1081 00d7 00        		.byte	0x0
 1082 00d8 03        		.uleb128 0x3
 1083 00d9 02        		.byte	0x2
 1084 00da 0000      		.word	.LM18
 1085               	
 1086 00dc 16        		.byte	0x16
 1087 00dd 00        		.byte	0x0
 1088 00de 03        		.uleb128 0x3
 1089 00df 02        		.byte	0x2
 1090 00e0 0000      		.word	.LM19
 1091               	
 1092 00e2 15        		.byte	0x15
 1093 00e3 00        		.byte	0x0
 1094 00e4 03        		.uleb128 0x3
 1095 00e5 02        		.byte	0x2
 1096 00e6 0000      		.word	.LM20
 1097               	
 1098 00e8 15        		.byte	0x15
 1099 00e9 00        		.byte	0x0
 1100 00ea 03        		.uleb128 0x3
 1101 00eb 02        		.byte	0x2
 1102 00ec 0000      		.word	.LM21
 1103               	
 1104 00ee 15        		.byte	0x15
 1105 00ef 00        		.byte	0x0
 1106 00f0 03        		.uleb128 0x3
 1107 00f1 02        		.byte	0x2
 1108 00f2 0000      		.word	.LM22
 1109               	
 1110 00f4 16        		.byte	0x16
 1111 00f5 00        		.byte	0x0
 1112 00f6 03        		.uleb128 0x3
 1113 00f7 02        		.byte	0x2
 1114 00f8 0000      		.word	.LM23
 1115               	
 1116 00fa 15        		.byte	0x15
 1117 00fb 00        		.byte	0x0
 1118 00fc 03        		.uleb128 0x3
 1119 00fd 02        		.byte	0x2
 1120 00fe 0000      		.word	.LM24
 1121               	
 1122 0100 15        		.byte	0x15
 1123 0101 00        		.byte	0x0
 1124 0102 03        		.uleb128 0x3
 1125 0103 02        		.byte	0x2
 1126 0104 0000      		.word	.LM25
 1127               	
GAS LISTING C:\DOCUME~1\ADMINI~1\LOCALS~1\Temp/ccuobaaa.s 			page 21


 1128 0106 15        		.byte	0x15
 1129 0107 00        		.byte	0x0
 1130 0108 03        		.uleb128 0x3
 1131 0109 02        		.byte	0x2
 1132 010a 0000      		.word	.LM26
 1133               	
 1134 010c 15        		.byte	0x15
 1135 010d 00        		.byte	0x0
 1136 010e 03        		.uleb128 0x3
 1137 010f 02        		.byte	0x2
 1138 0110 0000      		.word	.LM27
 1139               	
 1140 0112 15        		.byte	0x15
 1141 0113 00        		.byte	0x0
 1142 0114 03        		.uleb128 0x3
 1143 0115 02        		.byte	0x2
 1144 0116 0000      		.word	.LM28
 1145               	
 1146 0118 15        		.byte	0x15
 1147 0119 00        		.byte	0x0
 1148 011a 03        		.uleb128 0x3
 1149 011b 02        		.byte	0x2
 1150 011c 0000      		.word	.LM29
 1151               	
 1152 011e 16        		.byte	0x16
 1153 011f 00        		.byte	0x0
 1154 0120 03        		.uleb128 0x3
 1155 0121 02        		.byte	0x2
 1156 0122 0000      		.word	.LM30
 1157               	
 1158 0124 23        		.byte	0x23
 1159 0125 00        		.byte	0x0
 1160 0126 03        		.uleb128 0x3
 1161 0127 02        		.byte	0x2
 1162 0128 0000      		.word	.LM31
 1163               	
 1164 012a 15        		.byte	0x15
 1165 012b 00        		.byte	0x0
 1166 012c 03        		.uleb128 0x3
 1167 012d 02        		.byte	0x2
 1168 012e 0000      		.word	.LM32
 1169               	
 1170 0130 15        		.byte	0x15
 1171 0131 00        		.byte	0x0
 1172 0132 03        		.uleb128 0x3
 1173 0133 02        		.byte	0x2
 1174 0134 0000      		.word	.LM33
 1175               	
 1176 0136 18        		.byte	0x18
 1177 0137 00        		.byte	0x0
 1178 0138 03        		.uleb128 0x3
 1179 0139 02        		.byte	0x2
 1180 013a 0000      		.word	.LM34
 1181               	
 1182 013c 17        		.byte	0x17
 1183 013d 00        		.byte	0x0
 1184 013e 03        		.uleb128 0x3
GAS LISTING C:\DOCUME~1\ADMINI~1\LOCALS~1\Temp/ccuobaaa.s 			page 22


 1185 013f 02        		.byte	0x2
 1186 0140 0000      		.word	.LM35
 1187               	
 1188 0142 16        		.byte	0x16
 1189 0143 00        		.byte	0x0
 1190 0144 03        		.uleb128 0x3
 1191 0145 02        		.byte	0x2
 1192 0146 0000      		.word	.LM36
 1193               	
 1194 0148 15        		.byte	0x15
 1195 0149 00        		.byte	0x0
 1196 014a 03        		.uleb128 0x3
 1197 014b 02        		.byte	0x2
 1198 014c 0000      		.word	.LM37
 1199               	
 1200 014e 13        		.byte	0x13
 1201 014f 00        		.byte	0x0
 1202 0150 03        		.uleb128 0x3
 1203 0151 02        		.byte	0x2
 1204 0152 0000      		.word	.LM38
 1205               	
 1206 0154 19        		.byte	0x19
 1207 0155 00        		.byte	0x0
 1208 0156 03        		.uleb128 0x3
 1209 0157 02        		.byte	0x2
 1210 0158 0000      		.word	.LM39
 1211               	
 1212 015a 17        		.byte	0x17
 1213 015b 00        		.byte	0x0
 1214 015c 03        		.uleb128 0x3
 1215 015d 02        		.byte	0x2
 1216 015e 0000      		.word	.LM40
 1217               	
 1218 0160 16        		.byte	0x16
 1219 0161 00        		.byte	0x0
 1220 0162 03        		.uleb128 0x3
 1221 0163 02        		.byte	0x2
 1222 0164 0000      		.word	.LM41
 1223               	
 1224 0166 15        		.byte	0x15
 1225 0167 00        		.byte	0x0
 1226 0168 03        		.uleb128 0x3
 1227 0169 02        		.byte	0x2
 1228 016a 0000      		.word	.LM42
 1229               	
 1230 016c 13        		.byte	0x13
 1231 016d 00        		.byte	0x0
 1232 016e 03        		.uleb128 0x3
 1233 016f 02        		.byte	0x2
 1234 0170 0000      		.word	.LM43
 1235               	
 1236 0172 19        		.byte	0x19
 1237 0173 00        		.byte	0x0
 1238 0174 03        		.uleb128 0x3
 1239 0175 02        		.byte	0x2
 1240 0176 0000      		.word	.LM44
 1241               	
GAS LISTING C:\DOCUME~1\ADMINI~1\LOCALS~1\Temp/ccuobaaa.s 			page 23


 1242 0178 15        		.byte	0x15
 1243 0179 00        		.byte	0x0
 1244 017a 03        		.uleb128 0x3
 1245 017b 02        		.byte	0x2
 1246 017c 0000      		.word	.LM45
 1247               	
 1248 017e 18        		.byte	0x18
 1249 017f 00        		.byte	0x0
 1250 0180 03        		.uleb128 0x3
 1251 0181 02        		.byte	0x2
 1252 0182 0000      		.word	.LM46
 1253               	
 1254 0184 13        		.byte	0x13
 1255 0185 00        		.byte	0x0
 1256 0186 03        		.uleb128 0x3
 1257 0187 02        		.byte	0x2
 1258 0188 0000      		.word	.LM47
 1259               	
 1260 018a 15        		.byte	0x15
 1261 018b 00        		.byte	0x0
 1262 018c 03        		.uleb128 0x3
 1263 018d 02        		.byte	0x2
 1264 018e 0000      		.word	.LM48
 1265               	
 1266 0190 19        		.byte	0x19
 1267 0191 00        		.byte	0x0
 1268 0192 03        		.uleb128 0x3
 1269 0193 02        		.byte	0x2
 1270 0194 0000      		.word	.LM49
 1271               	
 1272 0196 15        		.byte	0x15
 1273 0197 00        		.byte	0x0
 1274 0198 03        		.uleb128 0x3
 1275 0199 02        		.byte	0x2
 1276 019a 0000      		.word	.LM50
 1277               	
 1278 019c 18        		.byte	0x18
 1279 019d 00        		.byte	0x0
 1280 019e 03        		.uleb128 0x3
 1281 019f 02        		.byte	0x2
 1282 01a0 0000      		.word	.LM51
 1283               	
 1284 01a2 13        		.byte	0x13
 1285 01a3 00        		.byte	0x0
 1286 01a4 03        		.uleb128 0x3
 1287 01a5 02        		.byte	0x2
 1288 01a6 0000      		.word	.LM52
 1289               	
 1290 01a8 15        		.byte	0x15
 1291 01a9 00        		.byte	0x0
 1292 01aa 03        		.uleb128 0x3
 1293 01ab 02        		.byte	0x2
 1294 01ac 0000      		.word	.LM53
 1295               	
 1296 01ae 29        		.byte	0x29
 1297 01af 00        		.byte	0x0
 1298 01b0 03        		.uleb128 0x3
GAS LISTING C:\DOCUME~1\ADMINI~1\LOCALS~1\Temp/ccuobaaa.s 			page 24


 1299 01b1 02        		.byte	0x2
 1300 01b2 0000      		.word	.LM54
 1301               	
 1302 01b4 15        		.byte	0x15
 1303 01b5 00        		.byte	0x0
 1304 01b6 03        		.uleb128 0x3
 1305 01b7 02        		.byte	0x2
 1306 01b8 0000      		.word	.LM55
 1307               	
 1308 01ba 18        		.byte	0x18
 1309 01bb 00        		.byte	0x0
 1310 01bc 03        		.uleb128 0x3
 1311 01bd 02        		.byte	0x2
 1312 01be 0000      		.word	.LM56
 1313               	
 1314 01c0 15        		.byte	0x15
 1315 01c1 00        		.byte	0x0
 1316 01c2 03        		.uleb128 0x3
 1317 01c3 02        		.byte	0x2
 1318 01c4 0000      		.word	.Letext0
 1319               	
 1320 01c6 00        		.byte	0x0
 1321 01c7 01        		.uleb128 0x1
 1322 01c8 01        		.byte	0x1
 1323               	.LELT0:
 1324 01c9 1600 0000 		.section	.debug_info
 1324      0200 1000 
 1324      0000 0101 
 1324      FB0E 0A00 
 1324      0101 0101 
 1325 0000 5F02 0000 		.long	607
 1326               	
 1327 0004 0200      		.word	2
 1328               	
 1329 0006 0000 0000 		.long	.Ldebug_abbrev0
 1330               	
 1331 000a 02        		.byte	0x2
 1332 000b 01        		.uleb128 0x1
 1333 000c 0000 0000 		.long	.Ldebug_line0
 1334               	
 1335 0010 0000      		.word	.Letext0
 1336               	
 1337 0012 0000      		.word	.Ltext0
 1338               	
 1339 0014 0000 0000 		.long	.LASF22
 1340               	
 1341 0018 01        		.byte	0x1
 1342 0019 0000 0000 		.long	.LASF23
 1343               	
 1344 001d 0000 0000 		.long	.LASF24
 1345               	
 1346 0021 02        		.uleb128 0x2
 1347 0022 0000 0000 		.long	.LASF0
 1348               	
 1349 0026 01        		.byte	0x1
 1350 0027 06        		.byte	0x6
 1351 0028 02        		.uleb128 0x2
GAS LISTING C:\DOCUME~1\ADMINI~1\LOCALS~1\Temp/ccuobaaa.s 			page 25


 1352 0029 0000 0000 		.long	.LASF1
 1353               	
 1354 002d 01        		.byte	0x1
 1355 002e 08        		.byte	0x8
 1356 002f 03        		.uleb128 0x3
 1357 0030 696E 7400 		.string	"int"
 1358 0034 02        		.byte	0x2
 1359 0035 05        		.byte	0x5
 1360 0036 02        		.uleb128 0x2
 1361 0037 0000 0000 		.long	.LASF2
 1362               	
 1363 003b 02        		.byte	0x2
 1364 003c 07        		.byte	0x7
 1365 003d 02        		.uleb128 0x2
 1366 003e 0000 0000 		.long	.LASF3
 1367               	
 1368 0042 04        		.byte	0x4
 1369 0043 05        		.byte	0x5
 1370 0044 02        		.uleb128 0x2
 1371 0045 0000 0000 		.long	.LASF4
 1372               	
 1373 0049 04        		.byte	0x4
 1374 004a 07        		.byte	0x7
 1375 004b 02        		.uleb128 0x2
 1376 004c 0000 0000 		.long	.LASF5
 1377               	
 1378 0050 08        		.byte	0x8
 1379 0051 05        		.byte	0x5
 1380 0052 02        		.uleb128 0x2
 1381 0053 0000 0000 		.long	.LASF6
 1382               	
 1383 0057 08        		.byte	0x8
 1384 0058 07        		.byte	0x7
 1385 0059 04        		.uleb128 0x4
 1386 005a 8E00 0000 		.long	142
 1387               	
 1388 005e 01        		.byte	0x1
 1389 005f 0000 0000 		.long	.LASF9
 1390               	
 1391 0063 03        		.byte	0x3
 1392 0064 57        		.byte	0x57
 1393 0065 01        		.byte	0x1
 1394 0066 0000      		.word	.LFB9
 1395               	
 1396 0068 0000      		.word	.LFE9
 1397               	
 1398 006a 08        		.byte	0x8
 1399 006b 90        		.byte	0x90
 1400 006c 20        		.uleb128 0x20
 1401 006d 93        		.byte	0x93
 1402 006e 01        		.uleb128 0x1
 1403 006f 90        		.byte	0x90
 1404 0070 21        		.uleb128 0x21
 1405 0071 93        		.byte	0x93
 1406 0072 01        		.uleb128 0x1
 1407 0073 05        		.uleb128 0x5
 1408 0074 0000 0000 		.long	.LASF7
GAS LISTING C:\DOCUME~1\ADMINI~1\LOCALS~1\Temp/ccuobaaa.s 			page 26


 1409               	
 1410 0078 03        		.byte	0x3
 1411 0079 56        		.byte	0x56
 1412 007a 2800 0000 		.long	40
 1413               	
 1414 007e 01        		.byte	0x1
 1415 007f 69        		.byte	0x69
 1416 0080 05        		.uleb128 0x5
 1417 0081 0000 0000 		.long	.LASF8
 1418               	
 1419 0085 03        		.byte	0x3
 1420 0086 56        		.byte	0x56
 1421 0087 2800 0000 		.long	40
 1422               	
 1423 008b 01        		.byte	0x1
 1424 008c 68        		.byte	0x68
 1425 008d 00        		.byte	0x0
 1426 008e 04        		.uleb128 0x4
 1427 008f B900 0000 		.long	185
 1428               	
 1429 0093 01        		.byte	0x1
 1430 0094 0000 0000 		.long	.LASF10
 1431               	
 1432 0098 03        		.byte	0x3
 1433 0099 1E        		.byte	0x1e
 1434 009a 01        		.byte	0x1
 1435 009b 0000      		.word	.LFB3
 1436               	
 1437 009d 0000      		.word	.LFE3
 1438               	
 1439 009f 08        		.byte	0x8
 1440 00a0 90        		.byte	0x90
 1441 00a1 20        		.uleb128 0x20
 1442 00a2 93        		.byte	0x93
 1443 00a3 01        		.uleb128 0x1
 1444 00a4 90        		.byte	0x90
 1445 00a5 21        		.uleb128 0x21
 1446 00a6 93        		.byte	0x93
 1447 00a7 01        		.uleb128 0x1
 1448 00a8 06        		.uleb128 0x6
 1449 00a9 6900      		.string	"i"
 1450 00ab 03        		.byte	0x3
 1451 00ac 1F        		.byte	0x1f
 1452 00ad 3600 0000 		.long	54
 1453               	
 1454 00b1 06        		.byte	0x6
 1455 00b2 6C        		.byte	0x6c
 1456 00b3 93        		.byte	0x93
 1457 00b4 01        		.uleb128 0x1
 1458 00b5 6D        		.byte	0x6d
 1459 00b6 93        		.byte	0x93
 1460 00b7 01        		.uleb128 0x1
 1461 00b8 00        		.byte	0x0
 1462 00b9 07        		.uleb128 0x7
 1463 00ba 01        		.byte	0x1
 1464 00bb 0000 0000 		.long	.LASF18
 1465               	
GAS LISTING C:\DOCUME~1\ADMINI~1\LOCALS~1\Temp/ccuobaaa.s 			page 27


 1466 00bf 03        		.byte	0x3
 1467 00c0 08        		.byte	0x8
 1468 00c1 01        		.byte	0x1
 1469 00c2 0000      		.word	.LFB2
 1470               	
 1471 00c4 0000      		.word	.LFE2
 1472               	
 1473 00c6 08        		.byte	0x8
 1474 00c7 90        		.byte	0x90
 1475 00c8 20        		.uleb128 0x20
 1476 00c9 93        		.byte	0x93
 1477 00ca 01        		.uleb128 0x1
 1478 00cb 90        		.byte	0x90
 1479 00cc 21        		.uleb128 0x21
 1480 00cd 93        		.byte	0x93
 1481 00ce 01        		.uleb128 0x1
 1482 00cf 04        		.uleb128 0x4
 1483 00d0 0001 0000 		.long	256
 1484               	
 1485 00d4 01        		.byte	0x1
 1486 00d5 0000 0000 		.long	.LASF11
 1487               	
 1488 00d9 03        		.byte	0x3
 1489 00da 29        		.byte	0x29
 1490 00db 01        		.byte	0x1
 1491 00dc 0000      		.word	.LFB4
 1492               	
 1493 00de 0000      		.word	.LFE4
 1494               	
 1495 00e0 08        		.byte	0x8
 1496 00e1 90        		.byte	0x90
 1497 00e2 20        		.uleb128 0x20
 1498 00e3 93        		.byte	0x93
 1499 00e4 01        		.uleb128 0x1
 1500 00e5 90        		.byte	0x90
 1501 00e6 21        		.uleb128 0x21
 1502 00e7 93        		.byte	0x93
 1503 00e8 01        		.uleb128 0x1
 1504 00e9 08        		.uleb128 0x8
 1505 00ea 5800      		.string	"X"
 1506 00ec 03        		.byte	0x3
 1507 00ed 28        		.byte	0x28
 1508 00ee 2800 0000 		.long	40
 1509               	
 1510 00f2 01        		.byte	0x1
 1511 00f3 61        		.byte	0x61
 1512 00f4 08        		.uleb128 0x8
 1513 00f5 5900      		.string	"Y"
 1514 00f7 03        		.byte	0x3
 1515 00f8 28        		.byte	0x28
 1516 00f9 2800 0000 		.long	40
 1517               	
 1518 00fd 01        		.byte	0x1
 1519 00fe 68        		.byte	0x68
 1520 00ff 00        		.byte	0x0
 1521 0100 04        		.uleb128 0x4
 1522 0101 3801 0000 		.long	312
GAS LISTING C:\DOCUME~1\ADMINI~1\LOCALS~1\Temp/ccuobaaa.s 			page 28


 1523               	
 1524 0105 01        		.byte	0x1
 1525 0106 0000 0000 		.long	.LASF12
 1526               	
 1527 010a 03        		.byte	0x3
 1528 010b 2F        		.byte	0x2f
 1529 010c 01        		.byte	0x1
 1530 010d 0000      		.word	.LFB5
 1531               	
 1532 010f 0000      		.word	.LFE5
 1533               	
 1534 0111 08        		.byte	0x8
 1535 0112 90        		.byte	0x90
 1536 0113 20        		.uleb128 0x20
 1537 0114 93        		.byte	0x93
 1538 0115 01        		.uleb128 0x1
 1539 0116 90        		.byte	0x90
 1540 0117 21        		.uleb128 0x21
 1541 0118 93        		.byte	0x93
 1542 0119 01        		.uleb128 0x1
 1543 011a 08        		.uleb128 0x8
 1544 011b 6300      		.string	"c"
 1545 011d 03        		.byte	0x3
 1546 011e 2E        		.byte	0x2e
 1547 011f 2800 0000 		.long	40
 1548               	
 1549 0123 01        		.byte	0x1
 1550 0124 61        		.byte	0x61
 1551 0125 09        		.uleb128 0x9
 1552 0126 0000 0000 		.long	.LASF13
 1553               	
 1554 012a 03        		.byte	0x3
 1555 012b 30        		.byte	0x30
 1556 012c 3600 0000 		.long	54
 1557               	
 1558 0130 06        		.byte	0x6
 1559 0131 6C        		.byte	0x6c
 1560 0132 93        		.byte	0x93
 1561 0133 01        		.uleb128 0x1
 1562 0134 6D        		.byte	0x6d
 1563 0135 93        		.byte	0x93
 1564 0136 01        		.uleb128 0x1
 1565 0137 00        		.byte	0x0
 1566 0138 04        		.uleb128 0x4
 1567 0139 7001 0000 		.long	368
 1568               	
 1569 013d 01        		.byte	0x1
 1570 013e 0000 0000 		.long	.LASF14
 1571               	
 1572 0142 03        		.byte	0x3
 1573 0143 39        		.byte	0x39
 1574 0144 01        		.byte	0x1
 1575 0145 0000      		.word	.LFB6
 1576               	
 1577 0147 0000      		.word	.LFE6
 1578               	
 1579 0149 08        		.byte	0x8
GAS LISTING C:\DOCUME~1\ADMINI~1\LOCALS~1\Temp/ccuobaaa.s 			page 29


 1580 014a 90        		.byte	0x90
 1581 014b 20        		.uleb128 0x20
 1582 014c 93        		.byte	0x93
 1583 014d 01        		.uleb128 0x1
 1584 014e 90        		.byte	0x90
 1585 014f 21        		.uleb128 0x21
 1586 0150 93        		.byte	0x93
 1587 0151 01        		.uleb128 0x1
 1588 0152 08        		.uleb128 0x8
 1589 0153 6300      		.string	"c"
 1590 0155 03        		.byte	0x3
 1591 0156 38        		.byte	0x38
 1592 0157 2800 0000 		.long	40
 1593               	
 1594 015b 01        		.byte	0x1
 1595 015c 61        		.byte	0x61
 1596 015d 09        		.uleb128 0x9
 1597 015e 0000 0000 		.long	.LASF13
 1598               	
 1599 0162 03        		.byte	0x3
 1600 0163 3A        		.byte	0x3a
 1601 0164 3600 0000 		.long	54
 1602               	
 1603 0168 06        		.byte	0x6
 1604 0169 6C        		.byte	0x6c
 1605 016a 93        		.byte	0x93
 1606 016b 01        		.uleb128 0x1
 1607 016c 6D        		.byte	0x6d
 1608 016d 93        		.byte	0x93
 1609 016e 01        		.uleb128 0x1
 1610 016f 00        		.byte	0x0
 1611 0170 04        		.uleb128 0x4
 1612 0171 B101 0000 		.long	433
 1613               	
 1614 0175 01        		.byte	0x1
 1615 0176 0000 0000 		.long	.LASF15
 1616               	
 1617 017a 03        		.byte	0x3
 1618 017b 43        		.byte	0x43
 1619 017c 01        		.byte	0x1
 1620 017d 0000      		.word	.LFB7
 1621               	
 1622 017f 0000      		.word	.LFE7
 1623               	
 1624 0181 08        		.byte	0x8
 1625 0182 90        		.byte	0x90
 1626 0183 20        		.uleb128 0x20
 1627 0184 93        		.byte	0x93
 1628 0185 01        		.uleb128 0x1
 1629 0186 90        		.byte	0x90
 1630 0187 21        		.uleb128 0x21
 1631 0188 93        		.byte	0x93
 1632 0189 01        		.uleb128 0x1
 1633 018a 08        		.uleb128 0x8
 1634 018b 5800      		.string	"X"
 1635 018d 03        		.byte	0x3
 1636 018e 42        		.byte	0x42
GAS LISTING C:\DOCUME~1\ADMINI~1\LOCALS~1\Temp/ccuobaaa.s 			page 30


 1637 018f 2800 0000 		.long	40
 1638               	
 1639 0193 01        		.byte	0x1
 1640 0194 68        		.byte	0x68
 1641 0195 08        		.uleb128 0x8
 1642 0196 5900      		.string	"Y"
 1643 0198 03        		.byte	0x3
 1644 0199 42        		.byte	0x42
 1645 019a 2800 0000 		.long	40
 1646               	
 1647 019e 01        		.byte	0x1
 1648 019f 69        		.byte	0x69
 1649 01a0 08        		.uleb128 0x8
 1650 01a1 7300      		.string	"s"
 1651 01a3 03        		.byte	0x3
 1652 01a4 42        		.byte	0x42
 1653 01a5 B101 0000 		.long	433
 1654               	
 1655 01a9 06        		.byte	0x6
 1656 01aa 6C        		.byte	0x6c
 1657 01ab 93        		.byte	0x93
 1658 01ac 01        		.uleb128 0x1
 1659 01ad 6D        		.byte	0x6d
 1660 01ae 93        		.byte	0x93
 1661 01af 01        		.uleb128 0x1
 1662 01b0 00        		.byte	0x0
 1663 01b1 0A        		.uleb128 0xa
 1664 01b2 02        		.byte	0x2
 1665 01b3 B701 0000 		.long	439
 1666               	
 1667 01b7 02        		.uleb128 0x2
 1668 01b8 0000 0000 		.long	.LASF16
 1669               	
 1670 01bc 01        		.byte	0x1
 1671 01bd 06        		.byte	0x6
 1672 01be 04        		.uleb128 0x4
 1673 01bf FF01 0000 		.long	511
 1674               	
 1675 01c3 01        		.byte	0x1
 1676 01c4 0000 0000 		.long	.LASF17
 1677               	
 1678 01c8 03        		.byte	0x3
 1679 01c9 4D        		.byte	0x4d
 1680 01ca 01        		.byte	0x1
 1681 01cb 0000      		.word	.LFB8
 1682               	
 1683 01cd 0000      		.word	.LFE8
 1684               	
 1685 01cf 08        		.byte	0x8
 1686 01d0 90        		.byte	0x90
 1687 01d1 20        		.uleb128 0x20
 1688 01d2 93        		.byte	0x93
 1689 01d3 01        		.uleb128 0x1
 1690 01d4 90        		.byte	0x90
 1691 01d5 21        		.uleb128 0x21
 1692 01d6 93        		.byte	0x93
 1693 01d7 01        		.uleb128 0x1
GAS LISTING C:\DOCUME~1\ADMINI~1\LOCALS~1\Temp/ccuobaaa.s 			page 31


 1694 01d8 08        		.uleb128 0x8
 1695 01d9 5800      		.string	"X"
 1696 01db 03        		.byte	0x3
 1697 01dc 4C        		.byte	0x4c
 1698 01dd 2800 0000 		.long	40
 1699               	
 1700 01e1 01        		.byte	0x1
 1701 01e2 68        		.byte	0x68
 1702 01e3 08        		.uleb128 0x8
 1703 01e4 5900      		.string	"Y"
 1704 01e6 03        		.byte	0x3
 1705 01e7 4C        		.byte	0x4c
 1706 01e8 2800 0000 		.long	40
 1707               	
 1708 01ec 01        		.byte	0x1
 1709 01ed 69        		.byte	0x69
 1710 01ee 08        		.uleb128 0x8
 1711 01ef 7300      		.string	"s"
 1712 01f1 03        		.byte	0x3
 1713 01f2 4C        		.byte	0x4c
 1714 01f3 B101 0000 		.long	433
 1715               	
 1716 01f7 06        		.byte	0x6
 1717 01f8 6C        		.byte	0x6c
 1718 01f9 93        		.byte	0x93
 1719 01fa 01        		.uleb128 0x1
 1720 01fb 6D        		.byte	0x6d
 1721 01fc 93        		.byte	0x93
 1722 01fd 01        		.uleb128 0x1
 1723 01fe 00        		.byte	0x0
 1724 01ff 07        		.uleb128 0x7
 1725 0200 01        		.byte	0x1
 1726 0201 0000 0000 		.long	.LASF19
 1727               	
 1728 0205 03        		.byte	0x3
 1729 0206 67        		.byte	0x67
 1730 0207 01        		.byte	0x1
 1731 0208 0000      		.word	.LFB10
 1732               	
 1733 020a 0000      		.word	.LFE10
 1734               	
 1735 020c 08        		.byte	0x8
 1736 020d 90        		.byte	0x90
 1737 020e 20        		.uleb128 0x20
 1738 020f 93        		.byte	0x93
 1739 0210 01        		.uleb128 0x1
 1740 0211 90        		.byte	0x90
 1741 0212 21        		.uleb128 0x21
 1742 0213 93        		.byte	0x93
 1743 0214 01        		.uleb128 0x1
 1744 0215 07        		.uleb128 0x7
 1745 0216 01        		.byte	0x1
 1746 0217 0000 0000 		.long	.LASF20
 1747               	
 1748 021b 03        		.byte	0x3
 1749 021c 6C        		.byte	0x6c
 1750 021d 01        		.byte	0x1
GAS LISTING C:\DOCUME~1\ADMINI~1\LOCALS~1\Temp/ccuobaaa.s 			page 32


 1751 021e 0000      		.word	.LFB11
 1752               	
 1753 0220 0000      		.word	.LFE11
 1754               	
 1755 0222 08        		.byte	0x8
 1756 0223 90        		.byte	0x90
 1757 0224 20        		.uleb128 0x20
 1758 0225 93        		.byte	0x93
 1759 0226 01        		.uleb128 0x1
 1760 0227 90        		.byte	0x90
 1761 0228 21        		.uleb128 0x21
 1762 0229 93        		.byte	0x93
 1763 022a 01        		.uleb128 0x1
 1764 022b 0B        		.uleb128 0xb
 1765 022c 4102 0000 		.long	577
 1766               	
 1767 0230 4802 0000 		.long	584
 1768               	
 1769 0234 0C        		.uleb128 0xc
 1770 0235 4102 0000 		.long	577
 1771               	
 1772 0239 5B        		.byte	0x5b
 1773 023a 0C        		.uleb128 0xc
 1774 023b 4102 0000 		.long	577
 1775               	
 1776 023f 05        		.byte	0x5
 1777 0240 00        		.byte	0x0
 1778 0241 02        		.uleb128 0x2
 1779 0242 0000 0000 		.long	.LASF2
 1780               	
 1781 0246 02        		.byte	0x2
 1782 0247 07        		.byte	0x7
 1783 0248 0D        		.uleb128 0xd
 1784 0249 2800 0000 		.long	40
 1785               	
 1786 024d 0E        		.uleb128 0xe
 1787 024e 0000 0000 		.long	.LASF21
 1788               	
 1789 0252 04        		.byte	0x4
 1790 0253 04        		.byte	0x4
 1791 0254 5D02 0000 		.long	605
 1792               	
 1793 0258 01        		.byte	0x1
 1794 0259 03        		.byte	0x3
 1795 025a 03        		.byte	0x3
 1796 025b 0000      		.word	font6x8
 1797               	
 1798 025d 0D        		.uleb128 0xd
 1799 025e 2B02 0000 		.long	555
 1800               	
 1801 0262 00        		.byte	0x0
 1802               		.section	.debug_abbrev
 1803 0000 01        		.uleb128 0x1
 1804 0001 11        		.uleb128 0x11
 1805 0002 01        		.byte	0x1
 1806 0003 10        		.uleb128 0x10
 1807 0004 06        		.uleb128 0x6
GAS LISTING C:\DOCUME~1\ADMINI~1\LOCALS~1\Temp/ccuobaaa.s 			page 33


 1808 0005 12        		.uleb128 0x12
 1809 0006 01        		.uleb128 0x1
 1810 0007 11        		.uleb128 0x11
 1811 0008 01        		.uleb128 0x1
 1812 0009 25        		.uleb128 0x25
 1813 000a 0E        		.uleb128 0xe
 1814 000b 13        		.uleb128 0x13
 1815 000c 0B        		.uleb128 0xb
 1816 000d 03        		.uleb128 0x3
 1817 000e 0E        		.uleb128 0xe
 1818 000f 1B        		.uleb128 0x1b
 1819 0010 0E        		.uleb128 0xe
 1820 0011 00        		.byte	0x0
 1821 0012 00        		.byte	0x0
 1822 0013 02        		.uleb128 0x2
 1823 0014 24        		.uleb128 0x24
 1824 0015 00        		.byte	0x0
 1825 0016 03        		.uleb128 0x3
 1826 0017 0E        		.uleb128 0xe
 1827 0018 0B        		.uleb128 0xb
 1828 0019 0B        		.uleb128 0xb
 1829 001a 3E        		.uleb128 0x3e
 1830 001b 0B        		.uleb128 0xb
 1831 001c 00        		.byte	0x0
 1832 001d 00        		.byte	0x0
 1833 001e 03        		.uleb128 0x3
 1834 001f 24        		.uleb128 0x24
 1835 0020 00        		.byte	0x0
 1836 0021 03        		.uleb128 0x3
 1837 0022 08        		.uleb128 0x8
 1838 0023 0B        		.uleb128 0xb
 1839 0024 0B        		.uleb128 0xb
 1840 0025 3E        		.uleb128 0x3e
 1841 0026 0B        		.uleb128 0xb
 1842 0027 00        		.byte	0x0
 1843 0028 00        		.byte	0x0
 1844 0029 04        		.uleb128 0x4
 1845 002a 2E        		.uleb128 0x2e
 1846 002b 01        		.byte	0x1
 1847 002c 01        		.uleb128 0x1
 1848 002d 13        		.uleb128 0x13
 1849 002e 3F        		.uleb128 0x3f
 1850 002f 0C        		.uleb128 0xc
 1851 0030 03        		.uleb128 0x3
 1852 0031 0E        		.uleb128 0xe
 1853 0032 3A        		.uleb128 0x3a
 1854 0033 0B        		.uleb128 0xb
 1855 0034 3B        		.uleb128 0x3b
 1856 0035 0B        		.uleb128 0xb
 1857 0036 27        		.uleb128 0x27
 1858 0037 0C        		.uleb128 0xc
 1859 0038 11        		.uleb128 0x11
 1860 0039 01        		.uleb128 0x1
 1861 003a 12        		.uleb128 0x12
 1862 003b 01        		.uleb128 0x1
 1863 003c 40        		.uleb128 0x40
 1864 003d 0A        		.uleb128 0xa
GAS LISTING C:\DOCUME~1\ADMINI~1\LOCALS~1\Temp/ccuobaaa.s 			page 34


 1865 003e 00        		.byte	0x0
 1866 003f 00        		.byte	0x0
 1867 0040 05        		.uleb128 0x5
 1868 0041 05        		.uleb128 0x5
 1869 0042 00        		.byte	0x0
 1870 0043 03        		.uleb128 0x3
 1871 0044 0E        		.uleb128 0xe
 1872 0045 3A        		.uleb128 0x3a
 1873 0046 0B        		.uleb128 0xb
 1874 0047 3B        		.uleb128 0x3b
 1875 0048 0B        		.uleb128 0xb
 1876 0049 49        		.uleb128 0x49
 1877 004a 13        		.uleb128 0x13
 1878 004b 02        		.uleb128 0x2
 1879 004c 0A        		.uleb128 0xa
 1880 004d 00        		.byte	0x0
 1881 004e 00        		.byte	0x0
 1882 004f 06        		.uleb128 0x6
 1883 0050 34        		.uleb128 0x34
 1884 0051 00        		.byte	0x0
 1885 0052 03        		.uleb128 0x3
 1886 0053 08        		.uleb128 0x8
 1887 0054 3A        		.uleb128 0x3a
 1888 0055 0B        		.uleb128 0xb
 1889 0056 3B        		.uleb128 0x3b
 1890 0057 0B        		.uleb128 0xb
 1891 0058 49        		.uleb128 0x49
 1892 0059 13        		.uleb128 0x13
 1893 005a 02        		.uleb128 0x2
 1894 005b 0A        		.uleb128 0xa
 1895 005c 00        		.byte	0x0
 1896 005d 00        		.byte	0x0
 1897 005e 07        		.uleb128 0x7
 1898 005f 2E        		.uleb128 0x2e
 1899 0060 00        		.byte	0x0
 1900 0061 3F        		.uleb128 0x3f
 1901 0062 0C        		.uleb128 0xc
 1902 0063 03        		.uleb128 0x3
 1903 0064 0E        		.uleb128 0xe
 1904 0065 3A        		.uleb128 0x3a
 1905 0066 0B        		.uleb128 0xb
 1906 0067 3B        		.uleb128 0x3b
 1907 0068 0B        		.uleb128 0xb
 1908 0069 27        		.uleb128 0x27
 1909 006a 0C        		.uleb128 0xc
 1910 006b 11        		.uleb128 0x11
 1911 006c 01        		.uleb128 0x1
 1912 006d 12        		.uleb128 0x12
 1913 006e 01        		.uleb128 0x1
 1914 006f 40        		.uleb128 0x40
 1915 0070 0A        		.uleb128 0xa
 1916 0071 00        		.byte	0x0
 1917 0072 00        		.byte	0x0
 1918 0073 08        		.uleb128 0x8
 1919 0074 05        		.uleb128 0x5
 1920 0075 00        		.byte	0x0
 1921 0076 03        		.uleb128 0x3
GAS LISTING C:\DOCUME~1\ADMINI~1\LOCALS~1\Temp/ccuobaaa.s 			page 35


 1922 0077 08        		.uleb128 0x8
 1923 0078 3A        		.uleb128 0x3a
 1924 0079 0B        		.uleb128 0xb
 1925 007a 3B        		.uleb128 0x3b
 1926 007b 0B        		.uleb128 0xb
 1927 007c 49        		.uleb128 0x49
 1928 007d 13        		.uleb128 0x13
 1929 007e 02        		.uleb128 0x2
 1930 007f 0A        		.uleb128 0xa
 1931 0080 00        		.byte	0x0
 1932 0081 00        		.byte	0x0
 1933 0082 09        		.uleb128 0x9
 1934 0083 34        		.uleb128 0x34
 1935 0084 00        		.byte	0x0
 1936 0085 03        		.uleb128 0x3
 1937 0086 0E        		.uleb128 0xe
 1938 0087 3A        		.uleb128 0x3a
 1939 0088 0B        		.uleb128 0xb
 1940 0089 3B        		.uleb128 0x3b
 1941 008a 0B        		.uleb128 0xb
 1942 008b 49        		.uleb128 0x49
 1943 008c 13        		.uleb128 0x13
 1944 008d 02        		.uleb128 0x2
 1945 008e 0A        		.uleb128 0xa
 1946 008f 00        		.byte	0x0
 1947 0090 00        		.byte	0x0
 1948 0091 0A        		.uleb128 0xa
 1949 0092 0F        		.uleb128 0xf
 1950 0093 00        		.byte	0x0
 1951 0094 0B        		.uleb128 0xb
 1952 0095 0B        		.uleb128 0xb
 1953 0096 49        		.uleb128 0x49
 1954 0097 13        		.uleb128 0x13
 1955 0098 00        		.byte	0x0
 1956 0099 00        		.byte	0x0
 1957 009a 0B        		.uleb128 0xb
 1958 009b 01        		.uleb128 0x1
 1959 009c 01        		.byte	0x1
 1960 009d 01        		.uleb128 0x1
 1961 009e 13        		.uleb128 0x13
 1962 009f 49        		.uleb128 0x49
 1963 00a0 13        		.uleb128 0x13
 1964 00a1 00        		.byte	0x0
 1965 00a2 00        		.byte	0x0
 1966 00a3 0C        		.uleb128 0xc
 1967 00a4 21        		.uleb128 0x21
 1968 00a5 00        		.byte	0x0
 1969 00a6 49        		.uleb128 0x49
 1970 00a7 13        		.uleb128 0x13
 1971 00a8 2F        		.uleb128 0x2f
 1972 00a9 0B        		.uleb128 0xb
 1973 00aa 00        		.byte	0x0
 1974 00ab 00        		.byte	0x0
 1975 00ac 0D        		.uleb128 0xd
 1976 00ad 26        		.uleb128 0x26
 1977 00ae 00        		.byte	0x0
 1978 00af 49        		.uleb128 0x49
GAS LISTING C:\DOCUME~1\ADMINI~1\LOCALS~1\Temp/ccuobaaa.s 			page 36


 1979 00b0 13        		.uleb128 0x13
 1980 00b1 00        		.byte	0x0
 1981 00b2 00        		.byte	0x0
 1982 00b3 0E        		.uleb128 0xe
 1983 00b4 34        		.uleb128 0x34
 1984 00b5 00        		.byte	0x0
 1985 00b6 03        		.uleb128 0x3
 1986 00b7 0E        		.uleb128 0xe
 1987 00b8 3A        		.uleb128 0x3a
 1988 00b9 0B        		.uleb128 0xb
 1989 00ba 3B        		.uleb128 0x3b
 1990 00bb 0B        		.uleb128 0xb
 1991 00bc 49        		.uleb128 0x49
 1992 00bd 13        		.uleb128 0x13
 1993 00be 3F        		.uleb128 0x3f
 1994 00bf 0C        		.uleb128 0xc
 1995 00c0 02        		.uleb128 0x2
 1996 00c1 0A        		.uleb128 0xa
 1997 00c2 00        		.byte	0x0
 1998 00c3 00        		.byte	0x0
 1999 00c4 00        		.byte	0x0
 2000               		.section	.debug_pubnames,"",@progbits
 2001 0000 E200 0000 		.long	226
 2002               	
 2003 0004 0200      		.word	2
 2004               	
 2005 0006 0000 0000 		.long	.Ldebug_info0
 2006               	
 2007 000a 6302 0000 		.long	611
 2008               	
 2009 000e 5900 0000 		.long	89
 2010               	
 2011 0012 4C43 445F 		.string	"LCD_write_byte"
 2011      7772 6974 
 2011      655F 6279 
 2011      7465 00
 2012 0021 8E00 0000 		.long	142
 2013               	
 2014 0025 4C43 445F 		.string	"LCD_clear"
 2014      636C 6561 
 2014      7200 
 2015 002f B900 0000 		.long	185
 2016               	
 2017 0033 4C43 445F 		.string	"LCD_init"
 2017      696E 6974 
 2017      00
 2018 003c CF00 0000 		.long	207
 2019               	
 2020 0040 4C43 445F 		.string	"LCD_set_XY"
 2020      7365 745F 
 2020      5859 00
 2021 004b 0001 0000 		.long	256
 2022               	
 2023 004f 4C43 445F 		.string	"LCD_write_char"
 2023      7772 6974 
 2023      655F 6368 
 2023      6172 00
GAS LISTING C:\DOCUME~1\ADMINI~1\LOCALS~1\Temp/ccuobaaa.s 			page 37


 2024 005e 3801 0000 		.long	312
 2025               	
 2026 0062 4C43 445F 		.string	"LCD_write_inverse_char"
 2026      7772 6974 
 2026      655F 696E 
 2026      7665 7273 
 2026      655F 6368 
 2027 0079 7001 0000 		.long	368
 2028               	
 2029 007d 4C43 445F 		.string	"LCD_write_english_string"
 2029      7772 6974 
 2029      655F 656E 
 2029      676C 6973 
 2029      685F 7374 
 2030 0096 BE01 0000 		.long	446
 2031               	
 2032 009a 4C43 445F 		.string	"LCD_write_inverse_string"
 2032      7772 6974 
 2032      655F 696E 
 2032      7665 7273 
 2032      655F 7374 
 2033 00b3 FF01 0000 		.long	511
 2034               	
 2035 00b7 6C63 645F 		.string	"lcd_inverse"
 2035      696E 7665 
 2035      7273 6500 
 2036 00c3 1502 0000 		.long	533
 2037               	
 2038 00c7 6C63 645F 		.string	"lcd_no_inverse"
 2038      6E6F 5F69 
 2038      6E76 6572 
 2038      7365 00
 2039 00d6 4D02 0000 		.long	589
 2040               	
 2041 00da 666F 6E74 		.string	"font6x8"
 2041      3678 3800 
 2042 00e2 0000 0000 		.long	0
 2043               	
 2044               		.section	.debug_aranges,"",@progbits
 2045 0000 1000 0000 		.long	16
 2046               	
 2047 0004 0200      		.word	2
 2048               	
 2049 0006 0000 0000 		.long	.Ldebug_info0
 2050               	
 2051 000a 02        		.byte	0x2
 2052 000b 00        		.byte	0x0
 2053 000c 0000      		.word	.Ltext0
 2054               	
 2055 000e 6001      		.word	.Letext0-.Ltext0
 2056               	
 2057 0010 0000      		.word	0
 2058               	
 2059 0012 0000      		.word	0
 2060               	
 2061               		.section	.debug_str,"MS",@progbits,1
 2062               	.LASF20:
GAS LISTING C:\DOCUME~1\ADMINI~1\LOCALS~1\Temp/ccuobaaa.s 			page 38


 2063 0000 6C63 645F 		.string	"lcd_no_inverse"
 2063      6E6F 5F69 
 2063      6E76 6572 
 2063      7365 00
 2064               	.LASF11:
 2065 000f 4C43 445F 		.string	"LCD_set_XY"
 2065      7365 745F 
 2065      5859 00
 2066               	.LASF12:
 2067 001a 4C43 445F 		.string	"LCD_write_char"
 2067      7772 6974 
 2067      655F 6368 
 2067      6172 00
 2068               	.LASF8:
 2069 0029 636F 6D6D 		.string	"command"
 2069      616E 6400 
 2070               	.LASF21:
 2071 0031 666F 6E74 		.string	"font6x8"
 2071      3678 3800 
 2072               	.LASF15:
 2073 0039 4C43 445F 		.string	"LCD_write_english_string"
 2073      7772 6974 
 2073      655F 656E 
 2073      676C 6973 
 2073      685F 7374 
 2074               	.LASF7:
 2075 0052 6461 7461 		.string	"data"
 2075      00
 2076               	.LASF1:
 2077 0057 756E 7369 		.string	"unsigned char"
 2077      676E 6564 
 2077      2063 6861 
 2077      7200 
 2078               	.LASF4:
 2079 0065 6C6F 6E67 		.string	"long unsigned int"
 2079      2075 6E73 
 2079      6967 6E65 
 2079      6420 696E 
 2079      7400 
 2080               	.LASF23:
 2081 0077 6C63 642E 		.string	"lcd.c"
 2081      6300 
 2082               	.LASF24:
 2083 007d 643A 5C32 		.string	"d:\\2009_project\\03_march\\fm4"
 2083      3030 395F 
 2083      7072 6F6A 
 2083      6563 745C 
 2083      3033 5F6D 
 2084               	.LASF14:
 2085 009a 4C43 445F 		.string	"LCD_write_inverse_char"
 2085      7772 6974 
 2085      655F 696E 
 2085      7665 7273 
 2085      655F 6368 
 2086               	.LASF22:
 2087 00b1 474E 5520 		.string	"GNU C 3.4.6"
 2087      4320 332E 
GAS LISTING C:\DOCUME~1\ADMINI~1\LOCALS~1\Temp/ccuobaaa.s 			page 39


 2087      342E 3600 
 2088               	.LASF2:
 2089 00bd 756E 7369 		.string	"unsigned int"
 2089      676E 6564 
 2089      2069 6E74 
 2089      00
 2090               	.LASF19:
 2091 00ca 6C63 645F 		.string	"lcd_inverse"
 2091      696E 7665 
 2091      7273 6500 
 2092               	.LASF6:
 2093 00d6 6C6F 6E67 		.string	"long long unsigned int"
 2093      206C 6F6E 
 2093      6720 756E 
 2093      7369 676E 
 2093      6564 2069 
 2094               	.LASF13:
 2095 00ed 6C69 6E65 		.string	"line"
 2095      00
 2096               	.LASF5:
 2097 00f2 6C6F 6E67 		.string	"long long int"
 2097      206C 6F6E 
 2097      6720 696E 
 2097      7400 
 2098               	.LASF16:
 2099 0100 6368 6172 		.string	"char"
 2099      00
 2100               	.LASF18:
 2101 0105 4C43 445F 		.string	"LCD_init"
 2101      696E 6974 
 2101      00
 2102               	.LASF10:
 2103 010e 4C43 445F 		.string	"LCD_clear"
 2103      636C 6561 
 2103      7200 
 2104               	.LASF3:
 2105 0118 6C6F 6E67 		.string	"long int"
 2105      2069 6E74 
 2105      00
 2106               	.LASF9:
 2107 0121 4C43 445F 		.string	"LCD_write_byte"
 2107      7772 6974 
 2107      655F 6279 
 2107      7465 00
 2108               	.LASF0:
 2109 0130 7369 676E 		.string	"signed char"
 2109      6564 2063 
 2109      6861 7200 
 2110               	.LASF17:
 2111 013c 4C43 445F 		.string	"LCD_write_inverse_string"
 2111      7772 6974 
 2111      655F 696E 
 2111      7665 7273 
 2111      655F 7374 
 2112               	/* File "lcd.c": code  176 = 0x00b0 ( 140), prologues  13, epilogues  23 */
GAS LISTING C:\DOCUME~1\ADMINI~1\LOCALS~1\Temp/ccuobaaa.s 			page 40


DEFINED SYMBOLS
                            *ABS*:00000000 lcd.c
C:\DOCUME~1\ADMINI~1\LOCALS~1\Temp/ccuobaaa.s:3      *ABS*:0000003f __SREG__
C:\DOCUME~1\ADMINI~1\LOCALS~1\Temp/ccuobaaa.s:4      *ABS*:0000003e __SP_H__
C:\DOCUME~1\ADMINI~1\LOCALS~1\Temp/ccuobaaa.s:5      *ABS*:0000003d __SP_L__
C:\DOCUME~1\ADMINI~1\LOCALS~1\Temp/ccuobaaa.s:6      *ABS*:00000000 __tmp_reg__
C:\DOCUME~1\ADMINI~1\LOCALS~1\Temp/ccuobaaa.s:7      *ABS*:00000001 __zero_reg__
C:\DOCUME~1\ADMINI~1\LOCALS~1\Temp/ccuobaaa.s:22     .data:00000000 font6x8
C:\DOCUME~1\ADMINI~1\LOCALS~1\Temp/ccuobaaa.s:578    .text:00000000 LCD_write_byte
C:\DOCUME~1\ADMINI~1\LOCALS~1\Temp/ccuobaaa.s:612    .text:00000018 LCD_clear
C:\DOCUME~1\ADMINI~1\LOCALS~1\Temp/ccuobaaa.s:648    .text:0000003e LCD_init
C:\DOCUME~1\ADMINI~1\LOCALS~1\Temp/ccuobaaa.s:703    .text:00000076 LCD_set_XY
C:\DOCUME~1\ADMINI~1\LOCALS~1\Temp/ccuobaaa.s:729    .text:0000008e LCD_write_char
C:\DOCUME~1\ADMINI~1\LOCALS~1\Temp/ccuobaaa.s:779    .text:000000d0 LCD_write_inverse_char
C:\DOCUME~1\ADMINI~1\LOCALS~1\Temp/ccuobaaa.s:830    .text:00000114 LCD_write_english_string
C:\DOCUME~1\ADMINI~1\LOCALS~1\Temp/ccuobaaa.s:863    .text:00000132 LCD_write_inverse_string
C:\DOCUME~1\ADMINI~1\LOCALS~1\Temp/ccuobaaa.s:896    .text:00000150 lcd_inverse
C:\DOCUME~1\ADMINI~1\LOCALS~1\Temp/ccuobaaa.s:913    .text:00000158 lcd_no_inverse

UNDEFINED SYMBOLS
__do_copy_data
__do_clear_bss
delay_1us
